<?xml version="1.0" encoding="UTF-8"?>
<!-- Generated by org.testng.reporters.JUnitReportReporter -->
<testsuite skipped="0" hostname="DESKTOP-25J6UA9" name="org.sample.Test1" tests="4" failures="0" timestamp="06 Sep 2021 08:04:07 GMT" time="31.208" errors="0">
  <testcase name="tc2" time="7.495" classname="org.sample.Test1"/>
  <testcase name="tc1" time="8.647" classname="org.sample.Test1"/>
  <testcase name="tc3" time="7.568" classname="org.sample.Test1"/>
  <testcase name="tc4" time="7.498" classname="org.sample.Test1"/>
</testsuite> <!-- org.sample.Test1 -->
