<?xml version="1.0" encoding="UTF-8"?>
<!-- Generated by org.testng.reporters.JUnitReportReporter -->
<testsuite skipped="0" hostname="DESKTOP-25J6UA9" name="org.sample.Test2" tests="4" failures="0" timestamp="06 Sep 2021 08:04:07 GMT" time="30.388" errors="0">
  <testcase name="tc1" time="7.247" classname="org.sample.Test2"/>
  <testcase name="tc4" time="7.536" classname="org.sample.Test2"/>
  <testcase name="tc3" time="7.755" classname="org.sample.Test2"/>
  <testcase name="tc2" time="7.850" classname="org.sample.Test2"/>
</testsuite> <!-- org.sample.Test2 -->
