<?xml version="1.0" encoding="UTF-8"?>
<!-- Generated by org.testng.reporters.JUnitReportReporter -->
<testsuite skipped="0" hostname="DESKTOP-25J6UA9" name="org.sample.Test3" tests="4" failures="0" timestamp="06 Sep 2021 08:04:07 GMT" time="31.183" errors="0">
  <testcase name="tc3" time="7.568" classname="org.sample.Test3"/>
  <testcase name="tc2" time="7.288" classname="org.sample.Test3"/>
  <testcase name="tc1" time="8.833" classname="org.sample.Test3"/>
  <testcase name="tc4" time="7.494" classname="org.sample.Test3"/>
</testsuite> <!-- org.sample.Test3 -->
