<?xml version="1.0" encoding="UTF-8"?>
<!-- Generated by org.testng.reporters.JUnitReportReporter -->
<testsuite skipped="0" hostname="DESKTOP-25J6UA9" name="org.test.Testng" tests="2" failures="0" timestamp="30 Aug 2021 05:48:59 GMT" time="0.019" errors="0">
  <testcase name="tc51" time="0.005" classname="org.test.Testng"/>
  <testcase name="tc5" time="0.014" classname="org.test.Testng"/>
</testsuite> <!-- org.test.Testng -->
