<?xml version="1.0" encoding="UTF-8"?>
<!-- Generated by org.testng.reporters.JUnitReportReporter -->
<testsuite skipped="0" hostname="DESKTOP-25J6UA9" name="org.sample.Test4" tests="4" failures="0" timestamp="06 Sep 2021 08:04:07 GMT" time="30.456" errors="0">
  <testcase name="tc4" time="7.428" classname="org.sample.Test4"/>
  <testcase name="tc1" time="7.351" classname="org.sample.Test4"/>
  <testcase name="tc3" time="7.907" classname="org.sample.Test4"/>
  <testcase name="tc2" time="7.770" classname="org.sample.Test4"/>
</testsuite> <!-- org.sample.Test4 -->
